<?xml version="1.0" encoding="UTF-8"?>
<!-- Generated by org.testng.reporters.JUnitReportReporter -->
<testsuite skipped="0" hostname="GanesH" name="runner.RunTest" tests="2" failures="0" timestamp="15 May 2023 15:00:35 GMT" time="40.507" errors="0">
  <testcase name="runScenario" time="23.089" classname="runner.RunTest"/>
  <testcase name="runScenario" time="17.418" classname="runner.RunTest"/>
</testsuite> <!-- runner.RunTest -->
