<?xml version="1.0" encoding="UTF-8"?>
<!-- Generated by org.testng.reporters.JUnitReportReporter -->
<testsuite skipped="0" hostname="GanesH" name="runner.RunTest" tests="2" failures="0" timestamp="15 May 2023 15:14:22 GMT" time="43.916" errors="0">
  <testcase name="runScenario" time="23.398" classname="runner.RunTest"/>
  <testcase name="runScenario" time="20.518" classname="runner.RunTest"/>
</testsuite> <!-- runner.RunTest -->
